518

1582 3445 154
470 1289 173
1610 3264 270
1183 3154 174
1590 3106 250
1739 3112 37
612 2343 212
1596 3302 69
414 1149 60
131 1537 50
1436 1864 470
3 665 0
261 651 104
644 2261 15
913 1478 328
1620 3612 344
349 1264 132
839 2082 313
840 1810 316
431 2361 95
554 985 176
1256 2884 4
1429 3194 146
586 698 220
243 995 94
1025 2879 369
991 2598 352
1257 2545 424
496 1941 101
1938 2516 348
1103 1611 285
995 2974 32
233 1263 90
59 962 26
1728 1929 506
1187 1406 37
1245 1507 389
848 2661 71
192 207 73
1588 3257 194
1736 1835 189
1124 1727 58
141 1268 53
676 898 180
1435 2733 11
1758 3268 243
585 2462 219
113 809 46
679 844 250
1782 2770 109
279 1469 109
1790 3145 341
817 2759 93
1400 1650 460
1434 1838 469
751 1949 284
1568 2171 38
1279 1898 435
1308 2986 99
136 1045 52
1818 3516 20
571 605 212
996 2230 359
801 1459 306
426 1869 157
1995 3447 134
254 1796 103
1332 2946 191
716 1519 270
1187 2067 399
727 2398 237
1085 2395 59
1215 2668 408
1911 2727 46
814 1056 162
1625 3169 410
769 1241 293
1469 1781 109
484 557 81
23 164 9
1350 2636 143
47 314 21
1260 3079 425
1673 2256 492
913 1713 329
918 2353 175
1051 2314 382
723 956 275
761 1445 125
1535 3135 190
168 1374 64
571 1903 213
1029 2846 372
25 422 11
1485 2570 51
1815 3701 168
1920 3807 44
373 1972 145
1395 1485 51
945 1627 86
1813 3479 39
1156 1331 60
1322 1527 450
230 1130 89
1347 1521 404
1260 2569 426
734 940 278
274 597 107
1929 3874 19
1811 2503 3
1682 3189 486
613 2573 235
1386 2095 458
1458 3245 252
1977 2449 236
720 1211 274
1403 2328 461
1858 2274 106
183 845 71
1512 1915 166
912 2868 183
1314 2686 28
1236 3058 415
802 1134 307
1474 2701 222
926 1105 336
456 1333 34
1668 2995 463
539 853 199
1849 1868 430
352 1480 137
1498 2617 445
1255 2811 188
1828 2037 471
791 2214 303
734 1910 279
1412 2985 343
1300 2373 439
1005 2888 367
399 895 153
290 1878 117
1951 3596 119
387 500 148
1210 1730 406
372 1591 144
703 1753 264
1021 2715 221
1619 3389 65
1293 1929 19
269 309 105
1566 2104 34
941 1862 233
1219 1622 410
838 2454 298
1710 3685 503
1837 3395 189
687 2135 256
1273 1358 429
599 2184 226
522 1889 192
603 2047 232
1383 2348 416
1091 2657 224
1791 3326 12
1297 1977 236
737 1129 280
1103 2044 353
103 577 41
866 2117 323
1581 3034 23
827 1395 201
688 2303 186
636 903 183
1585 1810 3
1640 2731 464
1048 2518 379
226 946 87
294 1391 47
1911 3747 225
691 1557 261
472 918 175
1077 1577 200
1424 3243 6
514 688 186
1268 1357 53
1965 2281 35
648 1689 242
1708 3597 24
974 2558 275
474 2157 177
1017 1619 65
248 587 98
1216 2028 165
655 711 244
1870 3275 43
1233 2728 36
1621 2740 118
1629 2606 481
1251 2443 7
1489 2042 466
829 2373 310
1929 3497 70
681 1711 253
453 644 15
248 963 99
537 1562 154
623 938 233
719 2153 273
246 625 96
679 1886 251
1833 2796 159
1214 2545 407
1757 3279 242
1660 3168 485
1277 2581 431
599 2343 227
1138 2839 307
1429 3412 465
65 1932 27
1343 1405 280
1710 2544 504
1458 2911 388
1646 2774 202
991 1093 353
1114 1772 385
929 2715 297
591 2099 223
1678 3480 495
1539 2220 240
775 2710 295
1106 2450 336
442 944 161
486 665 180
327 2146 129
69 810 30
1199 2800 403
1252 2123 22
1272 1716 265
1241 3071 18
77 456 34
1519 1556 270
322 1079 118
1043 2246 128
1542 2901 187
443 804 162
1137 2632 289
1125 2215 391
1116 1308 388
445 2340 164
1248 1466 187
25 1791 12
999 2852 311
207 957 73
991 2145 354
582 1888 217
1341 2427 453
777 929 297
590 1018 221
1800 2796 89
1704 2654 290
1353 1502 457
79 447 35
764 2304 287
1651 1796 44
1452 3409 64
1591 3077 144
640 1140 43
860 1521 74
242 815 93
1372 3007 288
1607 3054 67
579 1365 215
141 1259 54
344 1387 130
371 2142 5
713 2013 244
1937 3012 455
1524 2434 91
1433 3298 468
1490 1823 471
37 533 17
141 953 55
272 1858 106
899 1424 6
1729 1895 411
915 1798 330
1025 2466 370
1667 2415 454
510 2201 184
1588 3073 196
1512 3413 170
1918 3258 13
392 1596 151
37 1241 18
689 2278 258
813 822 46
702 2395 81
489 898 181
1755 3134 42
14 1256 4
1264 2925 90
471 1180 174
88 852 37
66 1313 28
992 1205 356
1367 3031 112
810 2310 30
1929 2251 94
433 1376 160
501 2445 148
839 1587 314
1975 1983 413
859 1227 39
108 1651 44
902 2372 180
1491 3442 472
884 1324 112
988 2363 351
1487 2443 137
354 2097 105
1319 2741 447
453 1812 168
1791 2061 375
351 1562 135
1841 2743 274
1609 3350 151
1121 2500 172
1894 2917 249
1118 1435 11
477 1831 178
1317 2489 444
1828 3557 501
1504 3065 457
1959 3002 400
620 850 239
1512 1561 194
888 2707 312
689 2622 259
249 639 100
1397 3263 120
1306 1832 159
740 746 281
1617 2845 322
29 1918 13
1709 2260 502
622 662 68
1707 1813 501
1318 1497 445
520 1324 191
540 1075 200
561 1293 19
825 2081 127
1878 2421 117
1856 3183 68
701 2405 220
301 1921 122
594 1068 224
1003 2915 363
1100 2249 245
1776 2674 111
1531 3405 9
995 1927 94
1630 2899 482
1742 1959 400
689 943 260
1854 3515 49
931 2871 338
1399 1760 375
885 2628 326
5 270 2
1471 3431 324
1981 1993 134
428 2059 158
850 2474 239
1206 2623 96
755 1066 285
749 2353 281
785 2195 300
1376 1448 64
1103 1367 357
1294 2377 438
546 1053 203
598 1895 225
1848 2495 346
1930 2041 86
852 1187 37
1650 2988 110
1191 1742 400
1677 2846 494
1724 2388 309
1346 2022 141
1802 1805 103
149 1124 58
492 625 183
1350 1933 455
1004 1631 365
1763 2050 264
107 638 43
733 1716 277
1230 1812 39
1144 1866 43
51 1577 23
123 1102 49
1169 1336 337
1336 2348 337
1821 2266 248
198 1064 76
1913 3876 411
1321 2833 448
1351 1626 456
67 505 29
1787 2266 319
980 2897 349
1102 1240 49
653 1991 104
975 1578 344
1315 2192 441
867 2722 325
1278 1779 432
590 1473 222
1217 2204 409
1882 2869 100
164 1531 9
836 1462 197
1725 2639 505
1430 1444 466
1165 2006 327
174 1069 67
1414 2032 419
110 1714 45
714 2425 269
781 838 298
1167 2467 395
1099 2396 150
1839 3125 136
1249 1454 420
604 1110 234
855 2061 199
641 1881 100
1727 2971 58
339 1893 66
1998 3625 14
1030 2378 373
683 2354 254
572 1878 214
1328 2149 78
1992 2304 104
1486 2099 1
609 1355 61
221 1420 83
1922 3147 122
304 761 125
1982 3029 340
775 2297 296
1089 2360 16
286 1900 113
1857 1981 134
787 1554 301
979 2719 347
1781 3041 72
1514 2314 389
535 2231 17
1259 2054 54
740 2694 282
1196 2112 402
1885 2826 185
1674 3020 493
1102 2537 278
1658 2814 193
1982 2945 437
1255 2321 422
421 496 101
986 2429 176
1528 3172 140
408 619 121
1455 2288 207
1877 2886 368
1368 2851 357
1206 3041 356
949 1946 161
676 986 249
176 622 68
972 2290 181
1166 2438 339
1940 2681 97
1553 2269 358
616 1020 238
40 560 19
1282 1982 437
1106 3033 383
1656 2775 139
1999 3114 56
528 832 197
1255 2960 423
1262 2106 427
483 1875 2
1806 3121 103
1225 1969 413
1516 2819 428
1606 1769 111
320 544 127
308 2247 126
1912 2145 279
1611 3043 285
814 1721 309
1668 3320 488
1033 1372 374
792 2485 304
271 481 2
1415 1668 463
599 2473 228
1988 2190 413
428 1148 159
349 2042 133
1278 2441 433
601 794 230
915 2250 331
1738 2692 511
843 2072 317
18 434 6
705 1268 265
1890 3160 217
1789 1968 334
542 825 201
1478 2353 328
764 1369 288
1733 2902 79
891 1151 327
1589 3398 149
1008 2162 102
294 1946 119
1499 1632 475
688 878 257
920 1743 334
325 778 128
1314 2645 440
1679 1736 496
1090 1621 118
1241 1853 49
1397 1855 335
1178 3033 92
587 2214 98
75 873 33
1020 1328 78
202 2195 77
581 2032 216
215 479 81
992 1092 357
1916 3447 116
1825 2365 432
1849 2604 469
1581 2386 147
1965 3421 477
950 1092 278
561 1449 207
401 446 155
1774 1807 21
168 1012 65
1023 2954 238
298 408 121
1873 2734 10
448 1964 35
1798 1920 44
1308 2973 377
1209 2457 405
1194 2392 401
1996 2041 208
1048 2290 380
718 924 271
1394 2956 47
1416 1469 464
358 1647 139
758 2428 286
1430 3034 467
995 1553 358
491 2288 182
396 2269 152
1110 3071 234
615 725 237
19 1251 7
781 1438 299
1399 3048 459
866 1464 324
200 1872 10
934 1979 340
1723 3656 272
691 2065 262
967 2040 26
1111 2360 384
537 1056 198
1308 1446 388
82 1231 36
226 698 88
555 2513 205
830 999 311
1737 2607 509
1083 1439 57
1290 1955 173
1791 2369 385
1487 1631 464
345 2290 131
244 429 95
1462 2429 197
202 1012 78
803 2538 308
614 1295 236
349 1856 134
1795 2782 417
1972 3467 145
146 1081 57
718 1723 272
1554 3368 301
1224 1283 46
378 1572 147
1542 2443 480
98 1962 40
1212 1835 274
578 2405 41
181 1929 70
1954 2808 284
768 1692 290
17 367 5
700 2553 88
1842 3156 315
408 2345 156
800 2512 305
844 2284 138
1426 2743 83
518 1248 187
873 2209 33
1357 2720 53
1382 1545 374
1522 3421 404
584 2311 218
1876 2157 2
36 1088 16
546 1637 204
1965 2183 506
1035 2088 62
387 1258 149
1969 3101 266
1640 3276 475
1276 2033 209
1821 1987 316
1003 2753 364
1659 3554 460
1990 2807 516
749 2067 283
959 1760 48
1131 1292 89
1318 3104 446
1634 2976 365
1931 3725 167
1951 2816 161
1439 2164 57
1162 2246 260
643 2108 241
1167 2456 396
1570 2258 135
567 1284 210
603 622 233
485 2431 179
518 1255 188
925 2433 271
167 1035 62
543 1644 202
448 2012 155
1585 2785 163
193 859 74
986 1888 249
1499 2854 476
1115 2547 386
1475 1506 428
1144 3129 229
978 1847 346
116 435 48
1496 3485 474
779 1042 128
1760 2473 48
984 2250 350
303 1688 124
1367 3006 230
358 1528 140
1637 2427 204
568 1946 211
979 1938 348
997 2071 361
506 1943 29
1396 1748 201
648 1754 243
831 887 312
24 199 10
1736 3591 496
448 1216 165
282 1606 111
1316 2791 443
250 413 101
1528 3419 478
1404 2299 462
50 55 22
450 1918 167
1358 2300 61
1247 1405 419
1627 1930 86
970 1307 99
1058 1744 162
1614 2188 25
1847 2633 320
286 2036 114
1784 2098 291
1126 2900 392
1667 2302 487
1996 3476 517
1669 3242 491
358 1344 141
316 1772 21
1221 1729 411
525 2133 195
926 1169 337
674 1748 0
522 1648 193
1115 2005 387
1987 3564 316
1829 2416 512
31 1997 14
57 1251 22
1945 2029 101
1243 2906 293
730 2659 75
658 1234 247
391 1099 150
679 1443 252
1876 3212 335
1047 2696 52
1606 3212 125
1411 3022 206
822 1224 46
311 353 105
1202 1345 404
375 1429 146
1021 1143 229
1668 2934 489
1287 1911 46
1278 1712 434
167 772 63
932 1150 339
916 2118 333
424 516 11
1123 2485 390
1774 2620 76
955 1412 343
706 1968 266
516 1117 11
936 2826 342
286 2161 115
1887 3007 430
158 413 60
1951 3478 211
1331 3195 60
274 1083 108
1527 3069 450
223 2132 85
1681 1754 42
849 1590 250
1047 1301 377
518 1735 189
464 1714 171
1379 3136 160
1752 2281 162
1893 2507 66
861 1846 320
1874 2166 332
1126 2790 393
1118 1243 389
1955 3169 173
522 1441 194
1279 2600 436
662 1853 68
946 2589 87
1239 1761 417
1699 1749 242
1684 3442 498
251 1007 102
218 2153 82
1844 2288 397
1728 3722 507
1073 2614 198
1237 1380 416
1335 2313 452
1492 1884 473
73 993 32
106 1226 42
1233 2746 414
1806 2656 247
42 1816 20
351 1838 136
1627 3259 421
1724 3495 434
158 609 61
1548 1633 374
206 2077 80
141 1998 56
1054 2298 203
58 1614 25
71 1344 31
774 2337 63
1962 2883 40
1973 3886 334
1411 2174 280
1258 1589 149
238 1523 91
187 852 72
1555 2143 107
1089 2268 108
1341 1664 454
1835 2080 178
361 2166 142
850 2723 318
1722 3386 277
934 1758 341
1641 3346 483
1064 1764 76
1321 2910 449
1889 2470 192
905 972 181
1807 3573 21
114 294 47
1408 1739 37
352 844 138
599 873 229
1326 1366 112
1628 2223 456
1706 3589 500
1616 1868 314
519 1534 190
510 1884 185
1025 2038 371
860 1786 319
556 1405 206
865 1609 322
1157 1306 159
1345 2936 31
1002 1705 362
1731 2317 406
1925 2535 166
1235 1798 247
1315 2505 442
996 1605 360
467 1120 172
1517 2741 268
1323 2351 451
788 2670 302
180 901 69
1753 2637 201
853 1780 72
9 1584 3
1005 1873 368
1635 3237 374
1050 2725 381
438 959 48
1334 1560 34
713 1517 268
33 451 15
1589 3563 200
1226 1680 42
205 1732 79
1047 2466 378
878 1007 229
949 1160 260
1505 1893 477
1129 1342 280
1965 3059 514
1668 2152 490
473 547 176
1365 1967 215
1759 2155 261
664 1818 248
1004 2915 366
1692 3195 124
564 1991 208
707 1999 267
291 321 118
434 898 6
1470 1540 187
1224 2229 412
1944 3928 29
1660 1682 486
417 2025 8
1967 3626 215
1272 1469 428
1472 2178 420
1184 1832 397
1870 3426 157
1937 2514 470
152 1081 59
774 2020 294
1184 2720 398
1716 3269 265
463 1510 170
90 1559 38
1362 2422 429
899 2336 153
449 1511 166
1128 2825 394
1728 3275 508
1683 3081 497
975 2709 345
767 1135 289
1276 1832 430
1035 1393 375
728 2068 276
461 2360 169
1687 2496 499
1955 2343 473
241 1174 92
20 415 8
1846 2465 231
1878 2341 214
526 1575 196
696 1390 51
365 1349 143
1535 2575 479
1590 1744 261
1711 2216 253
1863 2374 233
1439 2553 299
1250 1382 421
287 1915 116
1291 2036 210
1621 2720 360
173 329 66
1426 2293 84
968 2207 73
1908 2062 213
213 696 51
4 1486 1
922 1394 335
624 937 240
1384 1578 421
1715 3193 45
1441 1506 194
768 1745 291
296 1397 120
798 1366 230
1265 2741 132
1069 1607 67
839 1833 315
135 209 51
1292 1800 89
657 1075 245
443 1556 163
224 945 86
601 1846 231
57 1708 24
1978 2477 515
657 2396 246
864 2790 321
1715 2386 171
94 858 39
1936 3824 27
1659 3179 484
768 2261 292
915 1853 332
1446 1593 125
247 1940 97
882 2045 257
1043 2656 376
1521 3505 74
1936 3083 435
399 530 154
1824 3455 330
684 2265 255
1751 2712 0
283 883 112
954 2574 55
279 1649 110
991 2014 355
545 817 127
564 1276 209
901 1592 69
1387 2938 130
635 1204 96
1715 2136 329
1705 3315 362
194 730 75
1829 2338 513
1870 3178 314
1463 2998 306
619 2098 121
701 2397 263
1886 3254 251
1737 3635 510
1537 2086 50
597 1555 107
943 1536 240
1239 2516 418
1903 2981 113
559 702 81
221 1425 84
301 2017 123
